<?xml version="1.0" encoding="UTF-8"?>
<!-- Generated by org.testng.reporters.JUnitXMLReporter -->
<testsuite hostname="LAPTOP-9OT0DJ0O" ignored="0" name="Test" tests="4" failures="0" timestamp="30 Oct 2020 11:54:47 GMT" time="36.875" errors="0">
  <testcase name="verifyTitle" time="15.478" classname="com.Testing.Demo1"/>
  <testcase name="LoginVerify" time="6.319" classname="com.Testing.Demo1"/>
  <testcase name="verifyTitle" time="11.044" classname="com.Testing.Demo"/>
  <testcase name="LoginVerify" time="3.93" classname="com.Testing.Demo"/>
</testsuite> <!-- Test -->
