<?xml version="1.0" encoding="UTF-8"?>
<testng-results skipped="0" failed="0" ignored="0" total="4" passed="4">
  <reporter-output>
  </reporter-output>
  <suite name="Suite" duration-ms="24215" started-at="2020-10-25T17:00:33Z" finished-at="2020-10-25T17:00:57Z">
    <groups>
    </groups>
    <test name="Test" duration-ms="24215" started-at="2020-10-25T17:00:33Z" finished-at="2020-10-25T17:00:57Z">
      <class name="com.Testing.Demo">
        <test-method status="PASS" signature="verifyTitle()[pri:3, instance:com.Testing.Demo@7dc7cbad]" name="verifyTitle" duration-ms="7502" started-at="2020-10-25T22:30:48Z" finished-at="2020-10-25T22:30:56Z">
          <reporter-output>
          </reporter-output>
        </test-method> <!-- verifyTitle -->
        <test-method status="PASS" signature="LoginVerify()[pri:4, instance:com.Testing.Demo@7dc7cbad]" name="LoginVerify" duration-ms="1037" started-at="2020-10-25T22:30:56Z" finished-at="2020-10-25T22:30:57Z">
          <reporter-output>
          </reporter-output>
        </test-method> <!-- LoginVerify -->
      </class> <!-- com.Testing.Demo -->
      <class name="com.Testing.Demo1">
        <test-method status="PASS" signature="verifyTitle()[pri:1, instance:com.Testing.Demo1@548a9f61]" name="verifyTitle" duration-ms="13702" started-at="2020-10-25T22:30:33Z" finished-at="2020-10-25T22:30:46Z">
          <reporter-output>
          </reporter-output>
        </test-method> <!-- verifyTitle -->
        <test-method status="PASS" signature="LoginVerify()[pri:2, instance:com.Testing.Demo1@548a9f61]" name="LoginVerify" duration-ms="1853" started-at="2020-10-25T22:30:46Z" finished-at="2020-10-25T22:30:48Z">
          <reporter-output>
          </reporter-output>
        </test-method> <!-- LoginVerify -->
      </class> <!-- com.Testing.Demo1 -->
    </test> <!-- Test -->
  </suite> <!-- Suite -->
</testng-results>
